#
# There is insufficient memory for the Java Runtime Environment to continue.
# Native memory allocation (malloc) failed to allocate 1048576 bytes for AllocateHeap
# Possible reasons:
#   The system is out of physical RAM or swap space
#   The process is running with CompressedOops enabled, and the Java Heap may be blocking the growth of the native heap
# Possible solutions:
#   Reduce memory load on the system
#   Increase physical memory or swap space
#   Check if swap backing store is full
#   Decrease Java heap size (-Xmx/-Xms)
#   Decrease number of Java threads
#   Decrease Java thread stack sizes (-Xss)
#   Set larger code cache with -XX:ReservedCodeCacheSize=
#   JVM is running with Zero Based Compressed Oops mode in which the Java heap is
#     placed in the first 32GB address space. The Java Heap base address is the
#     maximum limit for the native heap growth. Please use -XX:HeapBaseMinAddress
#     to set the Java Heap base and to place the Java Heap above 32GB virtual address.
# This output file may be truncated or incomplete.
#
#  Out of Memory Error (allocation.cpp:44), pid=89952, tid=95900
#
# JRE version:  (21.0.1+12) (build )
# Java VM: OpenJDK 64-Bit Server VM (21.0.1+12-LTS, mixed mode, sharing, tiered, compressed oops, compressed class ptrs, g1 gc, windows-amd64)
# No core dump will be written. Minidumps are not enabled by default on client versions of Windows
#

---------------  S U M M A R Y ------------

Command Line: -agentlib:jdwp=transport=dt_socket,address=127.0.0.1:57691,suspend=y,server=n -javaagent:C:\Users\janwe\AppData\Local\JetBrains\IntelliJIdea2023.1\captureAgent\debugger-agent.jar -Dfile.encoding=UTF-8 -Dsun.stdout.encoding=UTF-8 -Dsun.stderr.encoding=UTF-8 Task1

Host: 12th Gen Intel(R) Core(TM) i7-1255U, 12 cores, 15G,  Windows 11 , 64 bit Build 22621 (10.0.22621.3085)
Time: Mon Mar 11 14:07:03 2024 Mitteleuropäische Zeit elapsed time: 0.014814 seconds (0d 0h 0m 0s)

---------------  T H R E A D  ---------------

Current thread (0x000001b0198678e0):  JavaThread "Unknown thread" [_thread_in_vm, id=95900, stack(0x00000067bf100000,0x00000067bf200000) (1024K)]

Stack: [0x00000067bf100000,0x00000067bf200000]
Native frames: (J=compiled Java code, j=interpreted, Vv=VM code, C=native code)
V  [jvm.dll+0x6c7789]
V  [jvm.dll+0x8a2011]
V  [jvm.dll+0x8a44ae]
V  [jvm.dll+0x8a4b83]
V  [jvm.dll+0x27f936]
V  [jvm.dll+0xbf4e7]
V  [jvm.dll+0x32fed5]
V  [jvm.dll+0x3283b1]
V  [jvm.dll+0x86b0f9]
V  [jvm.dll+0x3b9271]
V  [jvm.dll+0x8532c8]
V  [jvm.dll+0x44cffe]
V  [jvm.dll+0x44ea81]
C  [jli.dll+0x5278]
C  [ucrtbase.dll+0x29363]
C  [KERNEL32.DLL+0x1257d]
C  [ntdll.dll+0x5aa58]


---------------  P R O C E S S  ---------------

Threads class SMR info:
_java_thread_list=0x00007ff84b83e088, length=0, elements={
}

Java Threads: ( => current thread )
Total: 0

Other Threads:
  0x000001b0198cf6e0 WorkerThread "GC Thread#0"                     [id=101500, stack(0x00000067bf200000,0x00000067bf300000) (1024K)]

[error occurred during error reporting (printing all threads), id 0xc0000005, EXCEPTION_ACCESS_VIOLATION (0xc0000005) at pc=0x00007ff84af44a80]
VM state: not at safepoint (not fully initialized)

VM Mutex/Monitor currently owned by a thread:  ([mutex/lock_event])
[0x00007ff84b8b1b28] Heap_lock - owner thread: 0x000001b0198678e0

Heap address: 0x0000000704e00000, size: 4018 MB, Compressed Oops mode: Zero based, Oop shift amount: 3

CDS archive(s) mapped at: [0x0000000000000000-0x0000000000000000-0x0000000000000000), size 0, SharedBaseAddress: 0x0000000800000000, ArchiveRelocationMode: 1.
Narrow klass base: 0x0000000000000000, Narrow klass shift: 0, Narrow klass range: 0x0

GC Precious Log:
 CardTable entry size: 512
 Card Set container configuration: InlinePtr #cards 4 size 8 Array Of Cards #cards 16 size 48 Howl #buckets 8 coarsen threshold 3686 Howl Bitmap #cards 512 size 80 coarsen threshold 460 Card regions per heap region 1 cards per card region 4096

Heap:
 garbage-first heap   total 0K, used 0K [0x0000000704e00000, 0x0000000800000000)
  region size 2048K, 0 young (0K), 0 survivors (0K)

[error occurred during error reporting (printing heap information), id 0xc0000005, EXCEPTION_ACCESS_VIOLATION (0xc0000005) at pc=0x00007ff84b3305d9]
GC Heap History (0 events):
No events

Dll operation events (2 events):
Event: 0.010 Loaded shared library C:\Program Files\Eclipse Adoptium\jdk-21.0.1.12-hotspot\bin\java.dll
Event: 0.011 Loaded shared library C:\Program Files\Eclipse Adoptium\jdk-21.0.1.12-hotspot\bin\zip.dll

Deoptimization events (0 events):
No events

Classes loaded (0 events):
No events

Classes unloaded (0 events):
No events

Classes redefined (0 events):
No events

Internal exceptions (0 events):
No events

ZGC Phase Switch (0 events):
No events

VM Operations (0 events):
No events

Events (0 events):
No events


Dynamic libraries:
0x00007ff72a990000 - 0x00007ff72a99e000 	C:\Program Files\Eclipse Adoptium\jdk-21.0.1.12-hotspot\bin\java.exe
0x00007ff8d0ff0000 - 0x00007ff8d1207000 	C:\WINDOWS\SYSTEM32\ntdll.dll
0x00007ff8cfb80000 - 0x00007ff8cfc44000 	C:\WINDOWS\System32\KERNEL32.DLL
0x00007ff8ce820000 - 0x00007ff8cebc6000 	C:\WINDOWS\System32\KERNELBASE.dll
0x00007ff8ce590000 - 0x00007ff8ce6a1000 	C:\WINDOWS\System32\ucrtbase.dll
0x00007ff8cb070000 - 0x00007ff8cb088000 	C:\Program Files\Eclipse Adoptium\jdk-21.0.1.12-hotspot\bin\jli.dll
0x00007ff8bac60000 - 0x00007ff8bac7b000 	C:\Program Files\Eclipse Adoptium\jdk-21.0.1.12-hotspot\bin\VCRUNTIME140.dll
0x00007ff8cefd0000 - 0x00007ff8cf17e000 	C:\WINDOWS\System32\USER32.dll
0x00007ff8cebd0000 - 0x00007ff8cebf6000 	C:\WINDOWS\System32\win32u.dll
0x00007ff8bb2a0000 - 0x00007ff8bb533000 	C:\WINDOWS\WinSxS\amd64_microsoft.windows.common-controls_6595b64144ccf1df_6.0.22621.2506_none_270c5ae97388e100\COMCTL32.dll
0x00007ff8cfb50000 - 0x00007ff8cfb79000 	C:\WINDOWS\System32\GDI32.dll
0x00007ff8cf600000 - 0x00007ff8cf6a7000 	C:\WINDOWS\System32\msvcrt.dll
0x00007ff8ce470000 - 0x00007ff8ce588000 	C:\WINDOWS\System32\gdi32full.dll
0x00007ff8ce330000 - 0x00007ff8ce3ca000 	C:\WINDOWS\System32\msvcp_win.dll
0x00007ff8d0060000 - 0x00007ff8d0091000 	C:\WINDOWS\System32\IMM32.DLL
0x00007ff8c9300000 - 0x00007ff8c930c000 	C:\Program Files\Eclipse Adoptium\jdk-21.0.1.12-hotspot\bin\vcruntime140_1.dll
0x00007ff8babd0000 - 0x00007ff8bac5e000 	C:\Program Files\Eclipse Adoptium\jdk-21.0.1.12-hotspot\bin\msvcp140.dll
0x00007ff84ac10000 - 0x00007ff84b991000 	C:\Program Files\Eclipse Adoptium\jdk-21.0.1.12-hotspot\bin\server\jvm.dll
0x00007ff8cfa70000 - 0x00007ff8cfb23000 	C:\WINDOWS\System32\ADVAPI32.dll
0x00007ff8d0280000 - 0x00007ff8d0328000 	C:\WINDOWS\System32\sechost.dll
0x00007ff8ce440000 - 0x00007ff8ce468000 	C:\WINDOWS\System32\bcrypt.dll
0x00007ff8ced40000 - 0x00007ff8cee57000 	C:\WINDOWS\System32\RPCRT4.dll
0x00007ff8cee60000 - 0x00007ff8ceed1000 	C:\WINDOWS\System32\WS2_32.dll
0x00007ff8ce050000 - 0x00007ff8ce09d000 	C:\WINDOWS\SYSTEM32\POWRPROF.dll
0x00007ff8c6500000 - 0x00007ff8c6534000 	C:\WINDOWS\SYSTEM32\WINMM.dll
0x00007ff8ba0b0000 - 0x00007ff8ba0ba000 	C:\WINDOWS\SYSTEM32\VERSION.dll
0x00007ff8ce030000 - 0x00007ff8ce043000 	C:\WINDOWS\SYSTEM32\UMPDC.dll
0x00007ff8cd330000 - 0x00007ff8cd348000 	C:\WINDOWS\SYSTEM32\kernel.appcore.dll
0x00007ff8c91a0000 - 0x00007ff8c91aa000 	C:\Program Files\Eclipse Adoptium\jdk-21.0.1.12-hotspot\bin\jimage.dll
0x00007ff8cbd40000 - 0x00007ff8cbf73000 	C:\WINDOWS\SYSTEM32\DBGHELP.DLL
0x00007ff8cfc50000 - 0x00007ff8cffd9000 	C:\WINDOWS\System32\combase.dll
0x00007ff8ceee0000 - 0x00007ff8cefb7000 	C:\WINDOWS\System32\OLEAUT32.dll
0x00007ff8bb7c0000 - 0x00007ff8bb7f2000 	C:\WINDOWS\SYSTEM32\dbgcore.DLL
0x00007ff8cecc0000 - 0x00007ff8ced3a000 	C:\WINDOWS\System32\bcryptPrimitives.dll
0x00007ff8ba900000 - 0x00007ff8ba93c000 	C:\Program Files\Eclipse Adoptium\jdk-21.0.1.12-hotspot\bin\jdwp.dll
0x00007ff8c64e0000 - 0x00007ff8c64ef000 	C:\Program Files\Eclipse Adoptium\jdk-21.0.1.12-hotspot\bin\instrument.dll
0x00007ff8baa20000 - 0x00007ff8baa3f000 	C:\Program Files\Eclipse Adoptium\jdk-21.0.1.12-hotspot\bin\java.dll
0x00007ff8ba8e0000 - 0x00007ff8ba8f8000 	C:\Program Files\Eclipse Adoptium\jdk-21.0.1.12-hotspot\bin\zip.dll

dbghelp: loaded successfully - version: 4.0.5 - missing functions: none
symbol engine: initialized successfully - sym options: 0x614 - pdb path: .;C:\Program Files\Eclipse Adoptium\jdk-21.0.1.12-hotspot\bin;C:\WINDOWS\SYSTEM32;C:\WINDOWS\WinSxS\amd64_microsoft.windows.common-controls_6595b64144ccf1df_6.0.22621.2506_none_270c5ae97388e100;C:\Program Files\Eclipse Adoptium\jdk-21.0.1.12-hotspot\bin\server

VM Arguments:
jvm_args: -agentlib:jdwp=transport=dt_socket,address=127.0.0.1:57691,suspend=y,server=n -javaagent:C:\Users\janwe\AppData\Local\JetBrains\IntelliJIdea2023.1\captureAgent\debugger-agent.jar -Dfile.encoding=UTF-8 -Dsun.stdout.encoding=UTF-8 -Dsun.stderr.encoding=UTF-8 
java_command: Task1
java_class_path (initial): C:\Users\janwe\OneDrive\Schule\01_FHNW\Semester_04\syspr\working\mada-assignement-rsa\out\production\mada-assignement-rsa;C:\Program Files\JetBrains\IntelliJ IDEA 2023.1.1\lib\idea_rt.jar
Launcher Type: SUN_STANDARD

[Global flags]
     intx CICompilerCount                          = 4                                         {product} {ergonomic}
     uint ConcGCThreads                            = 3                                         {product} {ergonomic}
     uint G1ConcRefinementThreads                  = 10                                        {product} {ergonomic}
   size_t G1HeapRegionSize                         = 2097152                                   {product} {ergonomic}
    uintx GCDrainStackTargetSize                   = 64                                        {product} {ergonomic}
   size_t InitialHeapSize                          = 264241152                                 {product} {ergonomic}
   size_t MarkStackSize                            = 4194304                                   {product} {ergonomic}
   size_t MaxHeapSize                              = 4213178368                                {product} {ergonomic}
   size_t MinHeapDeltaBytes                        = 2097152                                   {product} {ergonomic}
   size_t MinHeapSize                              = 8388608                                   {product} {ergonomic}
    uintx NonNMethodCodeHeapSize                   = 5839372                                {pd product} {ergonomic}
    uintx NonProfiledCodeHeapSize                  = 122909434                              {pd product} {ergonomic}
    uintx ProfiledCodeHeapSize                     = 122909434                              {pd product} {ergonomic}
    uintx ReservedCodeCacheSize                    = 251658240                              {pd product} {ergonomic}
     bool SegmentedCodeCache                       = true                                      {product} {ergonomic}
   size_t SoftMaxHeapSize                          = 4213178368                             {manageable} {ergonomic}
     bool UseCompressedOops                        = true                           {product lp64_product} {ergonomic}
     bool UseG1GC                                  = true                                      {product} {ergonomic}
     bool UseLargePagesIndividualAllocation        = false                                  {pd product} {ergonomic}

Logging:
Log output configuration:
 #0: stdout all=warning uptime,level,tags foldmultilines=false
 #1: stderr all=off uptime,level,tags foldmultilines=false

Environment Variables:
JAVA_HOME=C:\Program Files\Eclipse Adoptium\jdk-17.0.4.101-hotspot\
PATH=C:\Program Files\Eclipse Adoptium\jdk-21.0.1.12-hotspot\bin;C:\Program Files\Eclipse Adoptium\jdk-17.0.4.101-hotspot\bin;C:\WINDOWS\system32;C:\WINDOWS;C:\WINDOWS\System32\Wbem;C:\WINDOWS\System32\WindowsPowerShell\v1.0\;C:\WINDOWS\System32\OpenSSH\;C:\Program Files\nodejs\;C:\Program Files\Docker\Docker\resources\bin;C:\Users\janwe\AppData\Local\Microsoft\WindowsApps;C:\Users\janwe\AppData\Local\Programs\Microsoft VS Code\bin;C:\Users\janwe\AppData\Local\GitHubDesktop\bin;C:\Program Files\MongoDB\bin;C:\Users\janwe\AppData\Local\JetBrains\Toolbox\scripts;;C:\ghcup\bin;C:\Users\janwe\.dotnet\tools;C:\Users\janwe\AppData\Roaming\npm
USERNAME=janwe
OS=Windows_NT
PROCESSOR_IDENTIFIER=Intel64 Family 6 Model 154 Stepping 4, GenuineIntel
TMP=C:\Users\janwe\AppData\Local\Temp
TEMP=C:\Users\janwe\AppData\Local\Temp




Periodic native trim disabled

---------------  S Y S T E M  ---------------

OS:
 Windows 11 , 64 bit Build 22621 (10.0.22621.3085)
OS uptime: 6 days 23:25 hours
Hyper-V role detected

CPU: total 12 (initial active 12) (6 cores per cpu, 2 threads per core) family 6 model 154 stepping 4 microcode 0x432, cx8, cmov, fxsr, ht, mmx, 3dnowpref, sse, sse2, sse3, ssse3, sse4.1, sse4.2, popcnt, lzcnt, tsc, tscinvbit, avx, avx2, aes, erms, clmul, bmi1, bmi2, adx, sha, fma, vzeroupper, clflush, clflushopt, clwb, hv, serialize, rdtscp, rdpid, fsrm, f16c, cet_ibt, cet_ss
Processor Information for processor 0
  Max Mhz: 1700, Current Mhz: 1700, Mhz Limit: 1700
Processor Information for processor 1
  Max Mhz: 1700, Current Mhz: 1700, Mhz Limit: 1700
Processor Information for processor 2
  Max Mhz: 1700, Current Mhz: 1700, Mhz Limit: 1700
Processor Information for processor 3
  Max Mhz: 1700, Current Mhz: 1700, Mhz Limit: 1700
Processor Information for processor 4
  Max Mhz: 1700, Current Mhz: 1200, Mhz Limit: 1190
Processor Information for processor 5
  Max Mhz: 1700, Current Mhz: 1200, Mhz Limit: 1190
Processor Information for processor 6
  Max Mhz: 1700, Current Mhz: 1200, Mhz Limit: 1190
Processor Information for processor 7
  Max Mhz: 1700, Current Mhz: 1200, Mhz Limit: 1190
Processor Information for processor 8
  Max Mhz: 1700, Current Mhz: 1200, Mhz Limit: 1190
Processor Information for processor 9
  Max Mhz: 1700, Current Mhz: 1200, Mhz Limit: 1190
Processor Information for processor 10
  Max Mhz: 1700, Current Mhz: 1200, Mhz Limit: 1190
Processor Information for processor 11
  Max Mhz: 1700, Current Mhz: 1200, Mhz Limit: 1190

Memory: 4k page, system-wide physical 16067M (722M free)
TotalPageFile size 65219M (AvailPageFile size 4M)
current process WorkingSet (physical memory assigned to process): 11M, peak: 11M
current process commit charge ("private bytes"): 62M, peak: 63M

vm_info: OpenJDK 64-Bit Server VM (21.0.1+12-LTS) for windows-amd64 JRE (21.0.1+12-LTS), built on 2023-10-17T00:00:00Z by "admin" with unknown MS VC++:1937

END.
